<?xml version="1.0" encoding="UTF-8"?>
<!-- Generated by org.testng.reporters.JUnitXMLReporter -->
<testsuite hostname="QAPPS02" ignored="0" name="flipkart" tests="2" failures="0" timestamp="31 Aug 2019 10:09:13 GMT" time="32.595" errors="0">
  <testcase name="Double_clicks_onElement" time="8.777" classname="com.demo1.Demo_Double_clicks_onElement"/>
  <testcase name="Dynamically_Identify_Tables_Data" time="10.245" classname="com.demo1.Demo_Double_clicks_onElement"/>
</testsuite> <!-- flipkart -->
