<?xml version="1.0" encoding="UTF-8"?>
<!-- Generated by org.testng.reporters.JUnitXMLReporter -->
<testsuite hostname="QAPPS02" ignored="0" name="Test1" tests="2" failures="0" timestamp="31 Aug 2019 10:16:17 GMT" time="38.616" errors="0">
  <testcase name="Double_clicks_onElement" time="7.311" classname="com.demo1.Demo_Double_clicks_onElement"/>
  <testcase name="Dynamically_Identify_Tables_Data" time="14.035" classname="com.demo1.Demo_Double_clicks_onElement"/>
</testsuite> <!-- Test1 -->
