<?xml version="1.0" encoding="UTF-8"?>
<!-- Generated by org.testng.reporters.JUnitXMLReporter -->
<testsuite hostname="QAPPS02" ignored="0" name="Default test" tests="2" failures="0" timestamp="31 Aug 2019 09:42:07 GMT" time="35.252" errors="0">
  <testcase name="Double_clicks_onElement" time="8.05" classname="com.demo1.Demo_Double_clicks_onElement"/>
  <testcase name="Dynamically_Identify_Tables_Data" time="14.296" classname="com.demo1.Demo_Double_clicks_onElement"/>
</testsuite> <!-- Default test -->
